TN:
SF:src/Actividad.ts
FN:7,(anonymous_0)
FNF:1
FNH:1
FNDA:1,(anonymous_0)
DA:7,1
DA:8,1
DA:9,1
LF:3
LH:3
BRDA:7,0,0,1
BRDA:7,0,1,1
BRF:2
BRH:2
end_of_record
TN:
SF:src/GeneradorIdUnicos.ts
FN:5,(anonymous_0)
FN:9,(anonymous_1)
FN:17,(anonymous_2)
FNF:3
FNH:3
FNDA:1,(anonymous_0)
FNDA:6,(anonymous_1)
FNDA:6,(anonymous_2)
DA:1,1
DA:6,1
DA:10,6
DA:11,1
DA:14,6
DA:18,6
DA:19,6
DA:20,6
LF:8
LH:8
BRDA:10,0,0,1
BRDA:10,0,1,5
BRF:2
BRH:2
end_of_record
TN:
SF:src/Reto.ts
FN:28,(anonymous_0)
FN:37,(anonymous_1)
FN:48,(anonymous_2)
FN:56,(anonymous_3)
FN:63,(anonymous_4)
FN:71,(anonymous_5)
FN:78,(anonymous_6)
FN:86,(anonymous_7)
FN:93,(anonymous_8)
FN:101,(anonymous_9)
FN:119,(anonymous_10)
FN:122,(anonymous_11)
FNF:12
FNH:12
FNDA:2,(anonymous_0)
FNDA:3,(anonymous_1)
FNDA:2,(anonymous_2)
FNDA:2,(anonymous_3)
FNDA:1,(anonymous_4)
FNDA:2,(anonymous_5)
FNDA:1,(anonymous_6)
FNDA:2,(anonymous_7)
FNDA:1,(anonymous_8)
FNDA:1,(anonymous_9)
FNDA:2,(anonymous_10)
FNDA:1,(anonymous_11)
DA:4,1
DA:11,1
DA:30,2
DA:31,2
DA:33,2
DA:34,2
DA:35,2
DA:36,2
DA:37,2
DA:38,3
DA:40,2
DA:49,2
DA:57,2
DA:64,1
DA:72,2
DA:79,1
DA:87,2
DA:94,1
DA:102,1
DA:120,2
DA:123,1
LF:21
LH:21
BRF:0
BRH:0
end_of_record
TN:
SF:src/Ruta.ts
FN:41,(anonymous_0)
FN:61,(anonymous_1)
FN:69,(anonymous_2)
FN:76,(anonymous_3)
FN:84,(anonymous_4)
FN:91,(anonymous_5)
FN:99,(anonymous_6)
FN:106,(anonymous_7)
FN:114,(anonymous_8)
FN:121,(anonymous_9)
FN:129,(anonymous_10)
FN:136,(anonymous_11)
FN:144,(anonymous_12)
FN:151,(anonymous_13)
FN:159,(anonymous_14)
FN:166,(anonymous_15)
FN:174,(anonymous_16)
FN:181,(anonymous_17)
FNF:18
FNH:18
FNDA:4,(anonymous_0)
FNDA:2,(anonymous_1)
FNDA:2,(anonymous_2)
FNDA:1,(anonymous_3)
FNDA:2,(anonymous_4)
FNDA:1,(anonymous_5)
FNDA:2,(anonymous_6)
FNDA:1,(anonymous_7)
FNDA:5,(anonymous_8)
FNDA:1,(anonymous_9)
FNDA:2,(anonymous_10)
FNDA:1,(anonymous_11)
FNDA:2,(anonymous_12)
FNDA:1,(anonymous_13)
FNDA:2,(anonymous_14)
FNDA:1,(anonymous_15)
FNDA:2,(anonymous_16)
FNDA:1,(anonymous_17)
DA:2,1
DA:19,1
DA:43,4
DA:44,4
DA:46,4
DA:47,4
DA:48,4
DA:49,4
DA:50,4
DA:51,4
DA:52,4
DA:53,4
DA:62,2
DA:70,2
DA:77,1
DA:85,2
DA:92,1
DA:100,2
DA:107,1
DA:115,5
DA:122,1
DA:130,2
DA:137,1
DA:145,2
DA:152,1
DA:160,2
DA:167,1
DA:175,2
DA:182,1
LF:29
LH:29
BRF:0
BRH:0
end_of_record
