TN:
SF:src/Actividad.ts
FN:7,(anonymous_0)
FNF:1
FNH:1
FNDA:1,(anonymous_0)
DA:7,1
DA:8,1
DA:9,1
LF:3
LH:3
BRDA:7,0,0,1
BRDA:7,0,1,1
BRF:2
BRH:2
end_of_record
TN:
SF:src/Ruta.ts
FN:41,(anonymous_0)
FN:59,(anonymous_1)
FN:67,(anonymous_2)
FN:74,(anonymous_3)
FN:82,(anonymous_4)
FN:89,(anonymous_5)
FN:97,(anonymous_6)
FN:104,(anonymous_7)
FN:112,(anonymous_8)
FN:119,(anonymous_9)
FN:127,(anonymous_10)
FN:134,(anonymous_11)
FN:142,(anonymous_12)
FN:149,(anonymous_13)
FN:157,(anonymous_14)
FN:164,(anonymous_15)
FN:172,(anonymous_16)
FN:179,(anonymous_17)
FNF:18
FNH:18
FNDA:3,(anonymous_0)
FNDA:2,(anonymous_1)
FNDA:2,(anonymous_2)
FNDA:1,(anonymous_3)
FNDA:2,(anonymous_4)
FNDA:1,(anonymous_5)
FNDA:2,(anonymous_6)
FNDA:1,(anonymous_7)
FNDA:2,(anonymous_8)
FNDA:1,(anonymous_9)
FNDA:2,(anonymous_10)
FNDA:1,(anonymous_11)
FNDA:2,(anonymous_12)
FNDA:1,(anonymous_13)
FNDA:2,(anonymous_14)
FNDA:1,(anonymous_15)
FNDA:2,(anonymous_16)
FNDA:1,(anonymous_17)
DA:18,1
DA:19,1
DA:42,3
DA:43,3
DA:44,3
DA:45,3
DA:46,3
DA:47,3
DA:48,3
DA:49,3
DA:50,3
DA:51,3
DA:60,2
DA:68,2
DA:75,1
DA:83,2
DA:90,1
DA:98,2
DA:105,1
DA:113,2
DA:120,1
DA:128,2
DA:135,1
DA:143,2
DA:150,1
DA:158,2
DA:165,1
DA:173,2
DA:180,1
LF:29
LH:29
BRF:0
BRH:0
end_of_record
